#
# A fatal error has been detected by the Java Runtime Environment:
#
#  SIGSEGV (0xb) at pc=0x000000011635ce7b, pid=12952, tid=4355
#
# JRE version: 7.0_21-b12
# Java VM: Java HotSpot(TM) 64-Bit Server VM (23.21-b01 mixed mode bsd-amd64 compressed oops)
# Problematic frame:
# C  [libj2v8_macosx_x86_64.dylib+0x638e7b]  _Z14objectCallbackRKN2v820FunctionCallbackInfoINS_5ValueEEE+0x122b
#
# Failed to write core dump. Core dumps have been disabled. To enable core dumping, try "ulimit -c unlimited" before starting Java again
#
# If you would like to submit a bug report, please visit:
#   http://bugreport.sun.com/bugreport/crash.jsp
# The crash happened outside the Java Virtual Machine in native code.
# See problematic frame for where to report the bug.
#

---------------  T H R E A D  ---------------

Current thread (0x00007f8e9b801000):  JavaThread "main" [_thread_in_native, id=4355, stack(0x00000001106aa000,0x00000001107aa000)]

siginfo:si_signo=SIGSEGV: si_errno=0, si_code=1 (SEGV_MAPERR), si_addr=0x0000000000000000

Registers:
RAX=0x00007f8e9b0baa00, RBX=0x00000001107a5640, RCX=0x0000000000000000, RDX=0x00007f8e9c900340
RSP=0x00000001107a4dc0, RBP=0x00000001107a55b0, RSI=0x00000001107a4bf8, RDI=0x00007f8e9a45bad0
R8 =0x0000000000000002, R9 =0x00000000ffffc000, R10=0x000000011033e500, R11=0x00007f8e9a400000
R12=0x0000000000000000, R13=0x0000000116f72042, R14=0x000000011635bc50, R15=0x00007f8e9b0baa00
RIP=0x000000011635ce7b, EFLAGS=0x0000000000010202, ERR=0x0000000000000004
  TRAPNO=0x000000000000000e

Top of Stack: (sp=0x00000001107a4dc0)
0x00000001107a4dc0:   00000001107a4df0 00007f8e9b0baa00
0x00000001107a4dd0:   0000000000000000 00000001107a4e68
0x00000001107a4de0:   00007f8e9b0baa00 00000001177634d0
0x00000001107a4df0:   00000001107a4e50 0000000115d84083
0x00000001107a4e00:   00007f8e9b8c69e8 00000000000000b9
0x00000001107a4e10:   00007f8e9b8c69fa 00000001107a54b0
0x00000001107a4e20:   00007f8e9b0fcc58 00000001107a5338
0x00000001107a4e30:   00000001107a4e70 0000000115d5a3b7
0x00000001107a4e40:   00007f8e9b8c69fb 00000001107a53e8
0x00000001107a4e50:   00000001107a5338 00000001107a5338
0x00000001107a4e60:   00000001107a4eb0 0000000916155152
0x00000001107a4e70:   00000001107a4ed0 0000000116e84500
0x00000001107a4e80:   00000001107a4eb0 0000000115d863db
0x00000001107a4e90:   00000001107a4eb0 0000000115d87797
0x00000001107a4ea0:   00007f8e9b0e3d88 00000001107a5180
0x00000001107a4eb0:   00000001107a4ed0 0000000115d854fc
0x00000001107a4ec0:   00000001107a56b0 0000000115d854e0
0x00000001107a4ed0:   00000001107a5620 0000000115d853a2
0x00000001107a4ee0:   0000000600c04501 00000001107a53e8
0x00000001107a4ef0:   0000000116f6e858 00000001107a53e8
0x00000001107a4f00:   0000000116e84500 00000001100269fb
0x00000001107a4f10:   e7001f100b9b4e87 00000001177636a0
0x00000001107a4f20:   00000001177636a0 00000001177636d8
0x00000001107a4f30:   00000001177636d8 0000000000000000
0x00000001107a4f40:   00007f8e9a505b98 00007f8e9a421c80
0x00000001107a4f50:   00007f8e9a505b90 00007f8e9b8011d8
0x00000001107a4f60:   00007f8e9b0baa00 00007f8e9a507a40
0x00000001107a4f70:   00007f8e9a458750 00007f8e9a458750
0x00000001107a4f80:   00000001107a5678 00000001107a5678
0x00000001107a4f90:   00000001107a4fd0 00000001107a55c8
0x00000001107a4fa0:   00000001107a55c8 00000001107a55c8
0x00000001107a4fb0:   00000001107a5678 00000001107a5678 

Instructions: (pc=0x000000011635ce7b)
0x000000011635ce5b:   18 f8 ff ff 48 89 8d b8 fb ff ff 48 89 85 b0 fb
0x000000011635ce6b:   ff ff 48 8b 85 b8 fb ff ff 48 8b 8d b0 fb ff ff
0x000000011635ce7b:   48 8b 09 48 89 85 e0 fb ff ff 48 89 8d d8 fb ff
0x000000011635ce8b:   ff 48 81 bd d8 fb ff ff 00 00 00 00 0f 85 3d 00 

Register to memory mapping:

RAX=0x00007f8e9b0baa00 is an unknown value
RBX=0x00000001107a5640 is pointing into the stack for thread: 0x00007f8e9b801000
RCX=0x0000000000000000 is an unknown value
RDX=0x00007f8e9c900340 is an unknown value
RSP=0x00000001107a4dc0 is pointing into the stack for thread: 0x00007f8e9b801000
RBP=0x00000001107a55b0 is pointing into the stack for thread: 0x00007f8e9b801000
RSI=0x00000001107a4bf8 is pointing into the stack for thread: 0x00007f8e9b801000
RDI=0x00007f8e9a45bad0 is an unknown value
R8 =0x0000000000000002 is an unknown value
R9 =0x00000000ffffc000 is an unknown value
R10=0x000000011033e500: _ZN19TemplateInterpreter13_active_tableE+0x1800 in /Library/Java/JavaVirtualMachines/jdk1.7.0_21.jdk/Contents/Home/jre/lib/server/libjvm.dylib at 0x000000010fc00000
R11=0x00007f8e9a400000 is an unknown value
R12=0x0000000000000000 is an unknown value
R13=0x0000000116f72042: _ZN2v88internal21FLAG_log_timer_eventsE+0 in /Users/gercan/libj2v8_macosx_x86_64.dylib at 0x0000000115d24000
R14=0x000000011635bc50: _Z14objectCallbackRKN2v820FunctionCallbackInfoINS_5ValueEEE+0 in /Users/gercan/libj2v8_macosx_x86_64.dylib at 0x0000000115d24000
R15=0x00007f8e9b0baa00 is an unknown value


Stack: [0x00000001106aa000,0x00000001107aa000],  sp=0x00000001107a4dc0,  free space=1003k
Native frames: (J=compiled Java code, j=interpreted, Vv=VM code, C=native code)
C  [libj2v8_macosx_x86_64.dylib+0x638e7b]  _Z14objectCallbackRKN2v820FunctionCallbackInfoINS_5ValueEEE+0x122b
C  [libj2v8_macosx_x86_64.dylib+0x353ef]  _ZN2v88internal25FunctionCallbackArguments4CallEPFvRKNS_20FunctionCallbackInfoINS_5ValueEEEE+0x9f
C  [libj2v8_macosx_x86_64.dylib+0x58edc]  _ZN2v88internalL19HandleApiCallHelperILb0EEENS0_11MaybeHandleINS0_6ObjectEEEPNS0_7IsolateERNS0_12_GLOBAL__N_116BuiltinArgumentsILNS0_21BuiltinExtraArgumentsE1EEE+0x45c
C  [libj2v8_macosx_x86_64.dylib+0x5bc1d]  _ZN2v88internalL21Builtin_HandleApiCallEiPPNS0_6ObjectEPNS0_7IsolateE+0x3d
C  0x0000294e769060bb
C  0x0000294e7696719f
C  0x0000294e76967889
C  0x0000294e76919bfd
C  0x0000294e76918962
C  [libj2v8_macosx_x86_64.dylib+0x1624e2]  _ZN2v88internalL6InvokeEbNS0_6HandleINS0_10JSFunctionEEENS1_INS0_6ObjectEEEiPS5_+0x3a2
C  [libj2v8_macosx_x86_64.dylib+0xfb8e]  _ZN2v86Script3RunENS_5LocalINS_7ContextEEE+0x14e
C  [libj2v8_macosx_x86_64.dylib+0x62104c]  _Z9runScriptPN2v87IsolateEP7JNIEnv_PNS_5LocalINS_6ScriptEEEPNS_8TryCatchERNS4_INS_5ValueEEEi+0x3c
C  [libj2v8_macosx_x86_64.dylib+0x623a45]  Java_com_eclipsesource_v8_V8__1executeScript+0x495
j  com.eclipsesource.v8.V8._executeScript(IILjava/lang/String;Ljava/lang/String;I)Ljava/lang/Object;+0
j  com.eclipsesource.v8.V8.executeScript(Ljava/lang/String;Ljava/lang/String;I)Ljava/lang/Object;+12
j  com.eclipsesource.v8.V8.executeObjectScript(Ljava/lang/String;Ljava/lang/String;I)Lcom/eclipsesource/v8/V8Object;+7
j  org.jboss.tools.jst.j2v8.internal.module.Require.require(Ljava/lang/String;)Ljava/lang/Object;+174
v  ~StubRoutines::call_stub
V  [libjvm.dylib+0x288abb]
V  [libjvm.dylib+0x288888]
V  [libjvm.dylib+0x3f6c2e]
V  [libjvm.dylib+0x3f7086]
V  [libjvm.dylib+0x2bcee3]
j  sun.reflect.NativeMethodAccessorImpl.invoke0(Ljava/lang/reflect/Method;Ljava/lang/Object;[Ljava/lang/Object;)Ljava/lang/Object;+0
j  sun.reflect.NativeMethodAccessorImpl.invoke(Ljava/lang/Object;[Ljava/lang/Object;)Ljava/lang/Object;+87
j  sun.reflect.DelegatingMethodAccessorImpl.invoke(Ljava/lang/Object;[Ljava/lang/Object;)Ljava/lang/Object;+6
j  java.lang.reflect.Method.invoke(Ljava/lang/Object;[Ljava/lang/Object;)Ljava/lang/Object;+57
j  com.eclipsesource.v8.V8.callObjectJavaMethod(ILcom/eclipsesource/v8/V8Array;)Ljava/lang/Object;+74
v  ~StubRoutines::call_stub
V  [libjvm.dylib+0x288abb]
V  [libjvm.dylib+0x288888]
V  [libjvm.dylib+0x2a437f]
V  [libjvm.dylib+0x29623e]
C  [libj2v8_macosx_x86_64.dylib+0x63d599]  _ZN7JNIEnv_16CallObjectMethodEP8_jobjectP10_jmethodIDz+0x189
C  [libj2v8_macosx_x86_64.dylib+0x637ec3]  _Z14objectCallbackRKN2v820FunctionCallbackInfoINS_5ValueEEE+0x273
C  [libj2v8_macosx_x86_64.dylib+0x353ef]  _ZN2v88internal25FunctionCallbackArguments4CallEPFvRKNS_20FunctionCallbackInfoINS_5ValueEEEE+0x9f
C  [libj2v8_macosx_x86_64.dylib+0x58edc]  _ZN2v88internalL19HandleApiCallHelperILb0EEENS0_11MaybeHandleINS0_6ObjectEEEPNS0_7IsolateERNS0_12_GLOBAL__N_116BuiltinArgumentsILNS0_21BuiltinExtraArgumentsE1EEE+0x45c
C  [libj2v8_macosx_x86_64.dylib+0x5bc1d]  _ZN2v88internalL21Builtin_HandleApiCallEiPPNS0_6ObjectEPNS0_7IsolateE+0x3d
C  0x0000294e769060bb
C  0x0000294e7696633f
C  0x0000294e769669a9
C  0x0000294e76919bfd
C  0x0000294e76918962
C  [libj2v8_macosx_x86_64.dylib+0x1624e2]  _ZN2v88internalL6InvokeEbNS0_6HandleINS0_10JSFunctionEEENS1_INS0_6ObjectEEEiPS5_+0x3a2
C  [libj2v8_macosx_x86_64.dylib+0xfb8e]  _ZN2v86Script3RunENS_5LocalINS_7ContextEEE+0x14e
C  [libj2v8_macosx_x86_64.dylib+0x62104c]  _Z9runScriptPN2v87IsolateEP7JNIEnv_PNS_5LocalINS_6ScriptEEEPNS_8TryCatchERNS4_INS_5ValueEEEi+0x3c
C  [libj2v8_macosx_x86_64.dylib+0x623a45]  Java_com_eclipsesource_v8_V8__1executeScript+0x495
j  com.eclipsesource.v8.V8._executeScript(IILjava/lang/String;Ljava/lang/String;I)Ljava/lang/Object;+0
j  com.eclipsesource.v8.V8.executeScript(Ljava/lang/String;Ljava/lang/String;I)Ljava/lang/Object;+12
j  com.eclipsesource.v8.V8.executeObjectScript(Ljava/lang/String;Ljava/lang/String;I)Lcom/eclipsesource/v8/V8Object;+7
j  org.jboss.tools.jst.j2v8.internal.module.Require.require(Ljava/lang/String;)Ljava/lang/Object;+174
v  ~StubRoutines::call_stub
V  [libjvm.dylib+0x288abb]
V  [libjvm.dylib+0x288888]
V  [libjvm.dylib+0x3f6c2e]
V  [libjvm.dylib+0x3f7086]
V  [libjvm.dylib+0x2bcee3]
j  sun.reflect.NativeMethodAccessorImpl.invoke0(Ljava/lang/reflect/Method;Ljava/lang/Object;[Ljava/lang/Object;)Ljava/lang/Object;+0
j  sun.reflect.NativeMethodAccessorImpl.invoke(Ljava/lang/Object;[Ljava/lang/Object;)Ljava/lang/Object;+87
j  sun.reflect.DelegatingMethodAccessorImpl.invoke(Ljava/lang/Object;[Ljava/lang/Object;)Ljava/lang/Object;+6
j  java.lang.reflect.Method.invoke(Ljava/lang/Object;[Ljava/lang/Object;)Ljava/lang/Object;+57
j  com.eclipsesource.v8.V8.callObjectJavaMethod(ILcom/eclipsesource/v8/V8Array;)Ljava/lang/Object;+74
v  ~StubRoutines::call_stub
V  [libjvm.dylib+0x288abb]
V  [libjvm.dylib+0x288888]
V  [libjvm.dylib+0x2a437f]
V  [libjvm.dylib+0x29623e]
C  [libj2v8_macosx_x86_64.dylib+0x63d599]  _ZN7JNIEnv_16CallObjectMethodEP8_jobjectP10_jmethodIDz+0x189
C  [libj2v8_macosx_x86_64.dylib+0x637ec3]  _Z14objectCallbackRKN2v820FunctionCallbackInfoINS_5ValueEEE+0x273
C  [libj2v8_macosx_x86_64.dylib+0x353ef]  _ZN2v88internal25FunctionCallbackArguments4CallEPFvRKNS_20FunctionCallbackInfoINS_5ValueEEEE+0x9f
C  [libj2v8_macosx_x86_64.dylib+0x58edc]  _ZN2v88internalL19HandleApiCallHelperILb0EEENS0_11MaybeHandleINS0_6ObjectEEEPNS0_7IsolateERNS0_12_GLOBAL__N_116BuiltinArgumentsILNS0_21BuiltinExtraArgumentsE1EEE+0x45c
C  [libj2v8_macosx_x86_64.dylib+0x5bc1d]  _ZN2v88internalL21Builtin_HandleApiCallEiPPNS0_6ObjectEPNS0_7IsolateE+0x3d
C  0x0000294e769060bb
C  0x0000294e76965d36
C  0x0000294e76919bfd
C  0x0000294e76918962
C  [libj2v8_macosx_x86_64.dylib+0x1624e2]  _ZN2v88internalL6InvokeEbNS0_6HandleINS0_10JSFunctionEEENS1_INS0_6ObjectEEEiPS5_+0x3a2
C  [libj2v8_macosx_x86_64.dylib+0xfb8e]  _ZN2v86Script3RunENS_5LocalINS_7ContextEEE+0x14e
C  [libj2v8_macosx_x86_64.dylib+0x62104c]  _Z9runScriptPN2v87IsolateEP7JNIEnv_PNS_5LocalINS_6ScriptEEEPNS_8TryCatchERNS4_INS_5ValueEEEi+0x3c
C  [libj2v8_macosx_x86_64.dylib+0x623a45]  Java_com_eclipsesource_v8_V8__1executeScript+0x495
j  com.eclipsesource.v8.V8._executeScript(IILjava/lang/String;Ljava/lang/String;I)Ljava/lang/Object;+0
j  com.eclipsesource.v8.V8.executeScript(Ljava/lang/String;Ljava/lang/String;I)Ljava/lang/Object;+12
j  org.jboss.tools.jst.j2v8.JavaScriptTool.loadAndRunFile(Ljava/lang/String;)V+28
j  org.jboss.tools.jst.j2v8.JavaScriptTool.start()V+7
j  org.jboss.tools.jst.j2v8.JavaScriptTool.main([Ljava/lang/String;)V+7
v  ~StubRoutines::call_stub
V  [libjvm.dylib+0x288abb]
V  [libjvm.dylib+0x288888]
V  [libjvm.dylib+0x2a4096]
V  [libjvm.dylib+0x29d402]
C  [java+0x317e]  JavaMain+0x91d
C  [libsystem_pthread.dylib+0x3268]  _pthread_body+0x83
C  [libsystem_pthread.dylib+0x31e5]  _pthread_body+0x0
C  [libsystem_pthread.dylib+0x141d]  thread_start+0xd

Java frames: (J=compiled Java code, j=interpreted, Vv=VM code)
j  com.eclipsesource.v8.V8._executeScript(IILjava/lang/String;Ljava/lang/String;I)Ljava/lang/Object;+0
j  com.eclipsesource.v8.V8.executeScript(Ljava/lang/String;Ljava/lang/String;I)Ljava/lang/Object;+12
j  com.eclipsesource.v8.V8.executeObjectScript(Ljava/lang/String;Ljava/lang/String;I)Lcom/eclipsesource/v8/V8Object;+7
j  org.jboss.tools.jst.j2v8.internal.module.Require.require(Ljava/lang/String;)Ljava/lang/Object;+174
v  ~StubRoutines::call_stub
j  sun.reflect.NativeMethodAccessorImpl.invoke0(Ljava/lang/reflect/Method;Ljava/lang/Object;[Ljava/lang/Object;)Ljava/lang/Object;+0
j  sun.reflect.NativeMethodAccessorImpl.invoke(Ljava/lang/Object;[Ljava/lang/Object;)Ljava/lang/Object;+87
j  sun.reflect.DelegatingMethodAccessorImpl.invoke(Ljava/lang/Object;[Ljava/lang/Object;)Ljava/lang/Object;+6
j  java.lang.reflect.Method.invoke(Ljava/lang/Object;[Ljava/lang/Object;)Ljava/lang/Object;+57
j  com.eclipsesource.v8.V8.callObjectJavaMethod(ILcom/eclipsesource/v8/V8Array;)Ljava/lang/Object;+74
v  ~StubRoutines::call_stub
j  com.eclipsesource.v8.V8._executeScript(IILjava/lang/String;Ljava/lang/String;I)Ljava/lang/Object;+0
j  com.eclipsesource.v8.V8.executeScript(Ljava/lang/String;Ljava/lang/String;I)Ljava/lang/Object;+12
j  com.eclipsesource.v8.V8.executeObjectScript(Ljava/lang/String;Ljava/lang/String;I)Lcom/eclipsesource/v8/V8Object;+7
j  org.jboss.tools.jst.j2v8.internal.module.Require.require(Ljava/lang/String;)Ljava/lang/Object;+174
v  ~StubRoutines::call_stub
j  sun.reflect.NativeMethodAccessorImpl.invoke0(Ljava/lang/reflect/Method;Ljava/lang/Object;[Ljava/lang/Object;)Ljava/lang/Object;+0
j  sun.reflect.NativeMethodAccessorImpl.invoke(Ljava/lang/Object;[Ljava/lang/Object;)Ljava/lang/Object;+87
j  sun.reflect.DelegatingMethodAccessorImpl.invoke(Ljava/lang/Object;[Ljava/lang/Object;)Ljava/lang/Object;+6
j  java.lang.reflect.Method.invoke(Ljava/lang/Object;[Ljava/lang/Object;)Ljava/lang/Object;+57
j  com.eclipsesource.v8.V8.callObjectJavaMethod(ILcom/eclipsesource/v8/V8Array;)Ljava/lang/Object;+74
v  ~StubRoutines::call_stub
j  com.eclipsesource.v8.V8._executeScript(IILjava/lang/String;Ljava/lang/String;I)Ljava/lang/Object;+0
j  com.eclipsesource.v8.V8.executeScript(Ljava/lang/String;Ljava/lang/String;I)Ljava/lang/Object;+12
j  org.jboss.tools.jst.j2v8.JavaScriptTool.loadAndRunFile(Ljava/lang/String;)V+28
j  org.jboss.tools.jst.j2v8.JavaScriptTool.start()V+7
j  org.jboss.tools.jst.j2v8.JavaScriptTool.main([Ljava/lang/String;)V+7
v  ~StubRoutines::call_stub

---------------  P R O C E S S  ---------------

Java Threads: ( => current thread )
  0x00007f8e9b8cc000 JavaThread "process reaper" daemon [_thread_blocked, id=14339, stack(0x0000000115cfa000,0x0000000115d22000)]
  0x00007f8e9b043800 JavaThread "Service Thread" daemon [_thread_blocked, id=13827, stack(0x0000000115a94000,0x0000000115b94000)]
  0x00007f8e9b040000 JavaThread "C2 CompilerThread1" daemon [_thread_blocked, id=13571, stack(0x0000000115991000,0x0000000115a91000)]
  0x00007f8e9b820800 JavaThread "C2 CompilerThread0" daemon [_thread_blocked, id=13079, stack(0x000000011588e000,0x000000011598e000)]
  0x00007f8e9c00a800 JavaThread "Signal Dispatcher" daemon [_thread_blocked, id=10263, stack(0x000000011578b000,0x000000011588b000)]
  0x00007f8e9b813000 JavaThread "Finalizer" daemon [_thread_blocked, id=8707, stack(0x0000000113d71000,0x0000000113e71000)]
  0x00007f8e9a813800 JavaThread "Reference Handler" daemon [_thread_blocked, id=8451, stack(0x0000000113c6e000,0x0000000113d6e000)]
=>0x00007f8e9b801000 JavaThread "main" [_thread_in_native, id=4355, stack(0x00000001106aa000,0x00000001107aa000)]

Other Threads:
  0x00007f8e9b80b000 VMThread [stack: 0x0000000113b6b000,0x0000000113c6b000] [id=8195]
  0x00007f8e9b041000 WatcherThread [stack: 0x0000000115b97000,0x0000000115c97000] [id=14083]

VM state:not at safepoint (normal execution)

VM Mutex/Monitor currently owned by a thread: None

Heap
 def new generation   total 3072K, used 533K [0x00000007f0c00000, 0x00000007f0f50000, 0x00000007f4200000)
  eden space 2752K,   8% used [0x00000007f0c00000, 0x00000007f0c3d1f0, 0x00000007f0eb0000)
  from space 320K,  90% used [0x00000007f0eb0000, 0x00000007f0ef8560, 0x00000007f0f00000)
  to   space 320K,   0% used [0x00000007f0f00000, 0x00000007f0f00000, 0x00000007f0f50000)
 tenured generation   total 6912K, used 1254K [0x00000007f4200000, 0x00000007f48c0000, 0x00000007fae00000)
   the space 6912K,  18% used [0x00000007f4200000, 0x00000007f4339a88, 0x00000007f4339c00, 0x00000007f48c0000)
 compacting perm gen  total 21248K, used 3830K [0x00000007fae00000, 0x00000007fc2c0000, 0x0000000800000000)
   the space 21248K,  18% used [0x00000007fae00000, 0x00000007fb1bdb30, 0x00000007fb1bdc00, 0x00000007fc2c0000)
No shared spaces configured.

Card table byte_map: [0x000000011386c000,0x00000001138e7000] byte_map_base: 0x000000010f8e6000

Polling page: 0x000000010eb7e000

Code Cache  [0x00000001107ac000, 0x0000000110a1c000, 0x00000001137ac000)
 total_blobs=230 nmethods=14 adapters=169 free_code_cache=48717Kb largest_free_block=49868096

Compilation events (10 events):
Event: 0.197 Thread 0x00007f8e9b040000 nmethod 9 0x000000011080ed90 code [0x000000011080eee0, 0x000000011080f068]
Event: 0.199 Thread 0x00007f8e9b820800 nmethod 8 0x000000011080b810 code [0x000000011080b960, 0x000000011080bd98]
Event: 0.297 Thread 0x00007f8e9b040000   10             java.io.BufferedInputStream::getBufIfOpen (21 bytes)
Event: 0.298 Thread 0x00007f8e9b040000 nmethod 10 0x000000011080b5d0 code [0x000000011080b700, 0x000000011080b778]
Event: 0.516 Thread 0x00007f8e9b820800   11             sun.nio.cs.UTF_8$Encoder::encode (361 bytes)
Event: 0.526 Thread 0x00007f8e9b820800 nmethod 11 0x0000000110813a10 code [0x0000000110813ba0, 0x00000001108142f8]
Event: 0.563 Thread 0x00007f8e9b040000    1 %           sun.nio.cs.UTF_8$Decoder::decode @ 20 (640 bytes)
Event: 0.589 Thread 0x00007f8e9b040000 nmethod 1% 0x0000000110818590 code [0x00000001108188e0, 0x0000000110819a30]
Event: 0.597 Thread 0x00007f8e9b820800   13             sun.nio.cs.UTF_8$Decoder::decode (640 bytes)
Event: 0.617 Thread 0x00007f8e9b820800 nmethod 13 0x000000011081b010 code [0x000000011081b300, 0x000000011081c1d0]

GC Heap History (4 events):
Event: 0.569 GC heap before
{Heap before GC invocations=0 (full 0):
 def new generation   total 3072K, used 2695K [0x00000007f0c00000, 0x00000007f0f50000, 0x00000007f4200000)
  eden space 2752K,  97% used [0x00000007f0c00000, 0x00000007f0ea1ca0, 0x00000007f0eb0000)
  from space 320K,   0% used [0x00000007f0eb0000, 0x00000007f0eb0000, 0x00000007f0f00000)
  to   space 320K,   0% used [0x00000007f0f00000, 0x00000007f0f00000, 0x00000007f0f50000)
 tenured generation   total 6912K, used 0K [0x00000007f4200000, 0x00000007f48c0000, 0x00000007fae00000)
   the space 6912K,   0% used [0x00000007f4200000, 0x00000007f4200000, 0x00000007f4200200, 0x00000007f48c0000)
 compacting perm gen  total 21248K, used 3630K [0x00000007fae00000, 0x00000007fc2c0000, 0x0000000800000000)
   the space 21248K,  17% used [0x00000007fae00000, 0x00000007fb18b838, 0x00000007fb18ba00, 0x00000007fc2c0000)
No shared spaces configured.
Event: 0.573 GC heap after
Heap after GC invocations=1 (full 0):
 def new generation   total 3072K, used 320K [0x00000007f0c00000, 0x00000007f0f50000, 0x00000007f4200000)
  eden space 2752K,   0% used [0x00000007f0c00000, 0x00000007f0c00000, 0x00000007f0eb0000)
  from space 320K, 100% used [0x00000007f0f00000, 0x00000007f0f50000, 0x00000007f0f50000)
  to   space 320K,   0% used [0x00000007f0eb0000, 0x00000007f0eb0000, 0x00000007f0f00000)
 tenured generation   total 6912K, used 459K [0x00000007f4200000, 0x00000007f48c0000, 0x00000007fae00000)
   the space 6912K,   6% used [0x00000007f4200000, 0x00000007f4272c18, 0x00000007f4272e00, 0x00000007f48c0000)
 compacting perm gen  total 21248K, used 3630K [0x00000007fae00000, 0x00000007fc2c0000, 0x0000000800000000)
   the space 21248K,  17% used [0x00000007fae00000, 0x00000007fb18b838, 0x00000007fb18ba00, 0x00000007fc2c0000)
No shared spaces configured.
}
Event: 0.597 GC heap before
{Heap before GC invocations=1 (full 0):
 def new generation   total 3072K, used 2885K [0x00000007f0c00000, 0x00000007f0f50000, 0x00000007f4200000)
  eden space 2752K,  93% used [0x00000007f0c00000, 0x00000007f0e81730, 0x00000007f0eb0000)
  from space 320K, 100% used [0x00000007f0f00000, 0x00000007f0f50000, 0x00000007f0f50000)
  to   space 320K,   0% used [0x00000007f0eb0000, 0x00000007f0eb0000, 0x00000007f0f00000)
 tenured generation   total 6912K, used 459K [0x00000007f4200000, 0x00000007f48c0000, 0x00000007fae00000)
   the space 6912K,   6% used [0x00000007f4200000, 0x00000007f4272c18, 0x00000007f4272e00, 0x00000007f48c0000)
 compacting perm gen  total 21248K, used 3830K [0x00000007fae00000, 0x00000007fc2c0000, 0x0000000800000000)
   the space 21248K,  18% used [0x00000007fae00000, 0x00000007fb1bdb30, 0x00000007fb1bdc00, 0x00000007fc2c0000)
No shared spaces configured.
Event: 0.599 GC heap after
Heap after GC invocations=2 (full 0):
 def new generation   total 3072K, used 289K [0x00000007f0c00000, 0x00000007f0f50000, 0x00000007f4200000)
  eden space 2752K,   0% used [0x00000007f0c00000, 0x00000007f0c00000, 0x00000007f0eb0000)
  from space 320K,  90% used [0x00000007f0eb0000, 0x00000007f0ef8560, 0x00000007f0f00000)
  to   space 320K,   0% used [0x00000007f0f00000, 0x00000007f0f00000, 0x00000007f0f50000)
 tenured generation   total 6912K, used 1254K [0x00000007f4200000, 0x00000007f48c0000, 0x00000007fae00000)
   the space 6912K,  18% used [0x00000007f4200000, 0x00000007f4339a88, 0x00000007f4339c00, 0x00000007f48c0000)
 compacting perm gen  total 21248K, used 3830K [0x00000007fae00000, 0x00000007fc2c0000, 0x0000000800000000)
   the space 21248K,  18% used [0x00000007fae00000, 0x00000007fb1bdb30, 0x00000007fb1bdc00, 0x00000007fc2c0000)
No shared spaces configured.
}

Deoptimization events (0 events):
No events

Internal exceptions (10 events):
Event: 0.576 Thread 0x00007f8e9b801000 Threw 0x00000007f0c1ccd0 at /HUDSON/workspace/jdk7u21-2-build-macosx-amd64-product/jdk7u21/hotspot/src/share/vm/prims/jni.cpp:716
Event: 0.577 Thread 0x00007f8e9b801000 Threw 0x00000007f0c24c98 at /HUDSON/workspace/jdk7u21-2-build-macosx-amd64-product/jdk7u21/hotspot/src/share/vm/prims/jvm.cpp:1166
Event: 0.586 Thread 0x00007f8e9b801000 Threw 0x00000007f0cb6a48 at /HUDSON/workspace/jdk7u21-2-build-macosx-amd64-product/jdk7u21/hotspot/src/share/vm/prims/jvm.cpp:1166
Event: 0.588 Thread 0x00007f8e9b801000 Threw 0x00000007f0cc3cb0 at /HUDSON/workspace/jdk7u21-2-build-macosx-amd64-product/jdk7u21/hotspot/src/share/vm/prims/jvm.cpp:1166
Event: 0.588 Thread 0x00007f8e9b801000 Threw 0x00000007f0cca8f8 at /HUDSON/workspace/jdk7u21-2-build-macosx-amd64-product/jdk7u21/hotspot/src/share/vm/prims/jvm.cpp:1166
Event: 0.589 Thread 0x00007f8e9b801000 Threw 0x00000007f0cd1498 at /HUDSON/workspace/jdk7u21-2-build-macosx-amd64-product/jdk7u21/hotspot/src/share/vm/prims/jvm.cpp:1166
Event: 0.591 Thread 0x00007f8e9b801000 Threw 0x00000007f0cd8470 at /HUDSON/workspace/jdk7u21-2-build-macosx-amd64-product/jdk7u21/hotspot/src/share/vm/prims/jvm.cpp:1166
Event: 0.591 Thread 0x00007f8e9b801000 Threw 0x00000007f0ce4668 at /HUDSON/workspace/jdk7u21-2-build-macosx-amd64-product/jdk7u21/hotspot/src/share/vm/prims/jvm.cpp:1166
Event: 0.592 Thread 0x00007f8e9b801000 Threw 0x00000007f0ceaa48 at /HUDSON/workspace/jdk7u21-2-build-macosx-amd64-product/jdk7u21/hotspot/src/share/vm/prims/jvm.cpp:1166
Event: 0.593 Thread 0x00007f8e9b801000 Threw 0x00000007f0cf52a8 at /HUDSON/workspace/jdk7u21-2-build-macosx-amd64-product/jdk7u21/hotspot/src/share/vm/prims/jvm.cpp:1166

Events (10 events):
Event: 0.591 loading class 0x00007f8e9a743270
Event: 0.591 loading class 0x00007f8e9a743270 done
Event: 0.592 loading class 0x00007f8e9a743150
Event: 0.592 loading class 0x00007f8e9a743150 done
Event: 0.593 loading class 0x00007f8e9a743110
Event: 0.593 loading class 0x00007f8e9a743110 done
Event: 0.593 loading class 0x00007f8e9a51d100
Event: 0.593 loading class 0x00007f8e9a51d100 done
Event: 0.597 Executing VM operation: GenCollectForAllocation
Event: 0.599 Executing VM operation: GenCollectForAllocation done


Dynamic libraries:
0x000000000c528000 	/System/Library/Frameworks/Cocoa.framework/Versions/A/Cocoa
0x000000000c528000 	/System/Library/Frameworks/Security.framework/Versions/A/Security
0x000000000c528000 	/System/Library/Frameworks/ApplicationServices.framework/Versions/A/ApplicationServices
0x000000000c528000 	/usr/lib/libz.1.dylib
0x000000000c528000 	/usr/lib/libSystem.B.dylib
0x000000000c528000 	/usr/lib/libobjc.A.dylib
0x000000000c528000 	/System/Library/Frameworks/CoreFoundation.framework/Versions/A/CoreFoundation
0x000000000c528000 	/System/Library/Frameworks/AppKit.framework/Versions/C/AppKit
0x000000000c528000 	/System/Library/Frameworks/CoreData.framework/Versions/A/CoreData
0x000000000c528000 	/System/Library/Frameworks/Foundation.framework/Versions/C/Foundation
0x000000000c528000 	/System/Library/PrivateFrameworks/RemoteViewServices.framework/Versions/A/RemoteViewServices
0x000000000c528000 	/System/Library/PrivateFrameworks/UIFoundation.framework/Versions/A/UIFoundation
0x000000000c528000 	/System/Library/Frameworks/IOSurface.framework/Versions/A/IOSurface
0x000000000c528000 	/System/Library/Frameworks/AudioToolbox.framework/Versions/A/AudioToolbox
0x000000000c528000 	/System/Library/Frameworks/AudioUnit.framework/Versions/A/AudioUnit
0x000000000c528000 	/System/Library/PrivateFrameworks/DataDetectorsCore.framework/Versions/A/DataDetectorsCore
0x000000000c528000 	/System/Library/PrivateFrameworks/DesktopServicesPriv.framework/Versions/A/DesktopServicesPriv
0x000000000c528000 	/System/Library/Frameworks/Carbon.framework/Versions/A/Frameworks/HIToolbox.framework/Versions/A/HIToolbox
0x000000000c528000 	/System/Library/Frameworks/QuartzCore.framework/Versions/A/QuartzCore
0x000000000c528000 	/System/Library/Frameworks/Carbon.framework/Versions/A/Frameworks/SpeechRecognition.framework/Versions/A/SpeechRecognition
0x000000000c528000 	/usr/lib/libauto.dylib
0x000000000c528000 	/usr/lib/libicucore.A.dylib
0x000000000c528000 	/usr/lib/libxml2.2.dylib
0x000000000c528000 	/System/Library/PrivateFrameworks/CoreUI.framework/Versions/A/CoreUI
0x000000000c528000 	/System/Library/Frameworks/CoreAudio.framework/Versions/A/CoreAudio
0x000000000c528000 	/System/Library/Frameworks/DiskArbitration.framework/Versions/A/DiskArbitration
0x000000000c528000 	/usr/lib/liblangid.dylib
0x000000000c528000 	/System/Library/PrivateFrameworks/MultitouchSupport.framework/Versions/A/MultitouchSupport
0x000000000c528000 	/System/Library/Frameworks/IOKit.framework/Versions/A/IOKit
0x000000000c528000 	/usr/lib/libDiagnosticMessagesClient.dylib
0x000000000c528000 	/System/Library/Frameworks/CoreServices.framework/Versions/A/CoreServices
0x000000000c528000 	/System/Library/PrivateFrameworks/PerformanceAnalysis.framework/Versions/A/PerformanceAnalysis
0x000000000c528000 	/System/Library/PrivateFrameworks/GenerationalStorage.framework/Versions/A/GenerationalStorage
0x000000000c528000 	/System/Library/Frameworks/OpenGL.framework/Versions/A/OpenGL
0x000000000c528000 	/System/Library/PrivateFrameworks/Sharing.framework/Versions/A/Sharing
0x000000000c528000 	/System/Library/Frameworks/CoreGraphics.framework/Versions/A/CoreGraphics
0x000000000c528000 	/System/Library/Frameworks/CoreText.framework/Versions/A/CoreText
0x000000000c528000 	/System/Library/Frameworks/ImageIO.framework/Versions/A/ImageIO
0x000000000c528000 	/usr/lib/libextension.dylib
0x000000000c528000 	/System/Library/PrivateFrameworks/Backup.framework/Versions/A/Backup
0x000000000c528000 	/usr/lib/libarchive.2.dylib
0x000000000c528000 	/System/Library/Frameworks/CFNetwork.framework/Versions/A/CFNetwork
0x000000000c528000 	/System/Library/Frameworks/SystemConfiguration.framework/Versions/A/SystemConfiguration
0x000000000c528000 	/usr/lib/libCRFSuite.dylib
0x000000000c528000 	/usr/lib/libc++.1.dylib
0x000000000c528000 	/usr/lib/libc++abi.dylib
0x000000000c528000 	/usr/lib/system/libcache.dylib
0x000000000c528000 	/usr/lib/system/libcommonCrypto.dylib
0x000000000c528000 	/usr/lib/system/libcompiler_rt.dylib
0x000000000c528000 	/usr/lib/system/libcopyfile.dylib
0x000000000c528000 	/usr/lib/system/libcorecrypto.dylib
0x000000000c528000 	/usr/lib/system/libdispatch.dylib
0x000000000c528000 	/usr/lib/system/libdyld.dylib
0x000000000c528000 	/usr/lib/system/libkeymgr.dylib
0x000000000c528000 	/usr/lib/system/liblaunch.dylib
0x000000000c528000 	/usr/lib/system/libmacho.dylib
0x000000000c528000 	/usr/lib/system/libquarantine.dylib
0x000000000c528000 	/usr/lib/system/libremovefile.dylib
0x000000000c528000 	/usr/lib/system/libsystem_asl.dylib
0x000000000c528000 	/usr/lib/system/libsystem_blocks.dylib
0x000000000c528000 	/usr/lib/system/libsystem_c.dylib
0x000000000c528000 	/usr/lib/system/libsystem_configuration.dylib
0x000000000c528000 	/usr/lib/system/libsystem_coreservices.dylib
0x000000000c528000 	/usr/lib/system/libsystem_coretls.dylib
0x000000000c528000 	/usr/lib/system/libsystem_dnssd.dylib
0x000000000c528000 	/usr/lib/system/libsystem_info.dylib
0x000000000c528000 	/usr/lib/system/libsystem_kernel.dylib
0x000000000c528000 	/usr/lib/system/libsystem_m.dylib
0x000000000c528000 	/usr/lib/system/libsystem_malloc.dylib
0x000000000c528000 	/usr/lib/system/libsystem_network.dylib
0x000000000c528000 	/usr/lib/system/libsystem_networkextension.dylib
0x000000000c528000 	/usr/lib/system/libsystem_notify.dylib
0x000000000c528000 	/usr/lib/system/libsystem_platform.dylib
0x000000000c528000 	/usr/lib/system/libsystem_pthread.dylib
0x000000000c528000 	/usr/lib/system/libsystem_sandbox.dylib
0x000000000c528000 	/usr/lib/system/libsystem_secinit.dylib
0x000000000c528000 	/usr/lib/system/libsystem_stats.dylib
0x000000000c528000 	/usr/lib/system/libsystem_trace.dylib
0x000000000c528000 	/usr/lib/system/libunc.dylib
0x000000000c528000 	/usr/lib/system/libunwind.dylib
0x000000000c528000 	/usr/lib/system/libxpc.dylib
0x000000000c528000 	/usr/lib/libbz2.1.0.dylib
0x000000000c528000 	/usr/lib/liblzma.5.dylib
0x000000000c528000 	/usr/lib/libbsm.0.dylib
0x000000000c528000 	/usr/lib/libsqlite3.dylib
0x000000000c528000 	/usr/lib/system/libkxld.dylib
0x000000000c528000 	/usr/lib/libxar.1.dylib
0x000000000c528000 	/usr/lib/libpam.2.dylib
0x000000000c528000 	/usr/lib/libOpenScriptingUtil.dylib
0x000000000c528000 	/System/Library/Frameworks/CoreServices.framework/Versions/A/Frameworks/FSEvents.framework/Versions/A/FSEvents
0x000000000c528000 	/System/Library/Frameworks/CoreServices.framework/Versions/A/Frameworks/CarbonCore.framework/Versions/A/CarbonCore
0x000000000c528000 	/System/Library/Frameworks/CoreServices.framework/Versions/A/Frameworks/Metadata.framework/Versions/A/Metadata
0x000000000c528000 	/System/Library/Frameworks/CoreServices.framework/Versions/A/Frameworks/OSServices.framework/Versions/A/OSServices
0x000000000c528000 	/System/Library/Frameworks/CoreServices.framework/Versions/A/Frameworks/SearchKit.framework/Versions/A/SearchKit
0x000000000c528000 	/System/Library/Frameworks/CoreServices.framework/Versions/A/Frameworks/AE.framework/Versions/A/AE
0x000000000c528000 	/System/Library/Frameworks/CoreServices.framework/Versions/A/Frameworks/LaunchServices.framework/Versions/A/LaunchServices
0x000000000c528000 	/System/Library/Frameworks/CoreServices.framework/Versions/A/Frameworks/DictionaryServices.framework/Versions/A/DictionaryServices
0x000000000c528000 	/System/Library/Frameworks/NetFS.framework/Versions/A/NetFS
0x000000000c528000 	/System/Library/PrivateFrameworks/NetAuth.framework/Versions/A/NetAuth
0x000000000c528000 	/System/Library/PrivateFrameworks/login.framework/Versions/A/Frameworks/loginsupport.framework/Versions/A/loginsupport
0x000000000c528000 	/System/Library/PrivateFrameworks/TCC.framework/Versions/A/TCC
0x000000000c528000 	/usr/lib/libmecabra.dylib
0x000000000c528000 	/System/Library/Frameworks/ApplicationServices.framework/Versions/A/Frameworks/ATS.framework/Versions/A/ATS
0x000000000c528000 	/System/Library/Frameworks/ApplicationServices.framework/Versions/A/Frameworks/ColorSync.framework/Versions/A/ColorSync
0x000000000c528000 	/System/Library/Frameworks/ApplicationServices.framework/Versions/A/Frameworks/HIServices.framework/Versions/A/HIServices
0x000000000c528000 	/System/Library/Frameworks/ApplicationServices.framework/Versions/A/Frameworks/LangAnalysis.framework/Versions/A/LangAnalysis
0x000000000c528000 	/System/Library/Frameworks/ApplicationServices.framework/Versions/A/Frameworks/PrintCore.framework/Versions/A/PrintCore
0x000000000c528000 	/System/Library/Frameworks/ApplicationServices.framework/Versions/A/Frameworks/QD.framework/Versions/A/QD
0x000000000c528000 	/System/Library/Frameworks/ApplicationServices.framework/Versions/A/Frameworks/SpeechSynthesis.framework/Versions/A/SpeechSynthesis
0x000000000c528000 	/System/Library/Frameworks/Accelerate.framework/Versions/A/Accelerate
0x000000000c528000 	/System/Library/Frameworks/Accelerate.framework/Versions/A/Frameworks/vImage.framework/Versions/A/vImage
0x000000000c528000 	/System/Library/Frameworks/Accelerate.framework/Versions/A/Frameworks/vecLib.framework/Versions/A/vecLib
0x000000000c528000 	/System/Library/Frameworks/Accelerate.framework/Versions/A/Frameworks/vecLib.framework/Versions/A/libvDSP.dylib
0x000000000c528000 	/System/Library/Frameworks/Accelerate.framework/Versions/A/Frameworks/vecLib.framework/Versions/A/libvMisc.dylib
0x000000000c528000 	/System/Library/Frameworks/Accelerate.framework/Versions/A/Frameworks/vecLib.framework/Versions/A/libLAPACK.dylib
0x000000000c528000 	/System/Library/Frameworks/Accelerate.framework/Versions/A/Frameworks/vecLib.framework/Versions/A/libBLAS.dylib
0x000000000c528000 	/System/Library/Frameworks/Accelerate.framework/Versions/A/Frameworks/vecLib.framework/Versions/A/libLinearAlgebra.dylib
0x000000000c528000 	/System/Library/Frameworks/ApplicationServices.framework/Versions/A/Frameworks/ATS.framework/Versions/A/Resources/libFontParser.dylib
0x000000000c528000 	/System/Library/Frameworks/ApplicationServices.framework/Versions/A/Frameworks/ATS.framework/Versions/A/Resources/libFontRegistry.dylib
0x000000000c528000 	/System/Library/PrivateFrameworks/AppleVPA.framework/Versions/A/AppleVPA
0x000000000c528000 	/System/Library/PrivateFrameworks/AppleJPEG.framework/Versions/A/AppleJPEG
0x000000000c528000 	/System/Library/Frameworks/ImageIO.framework/Versions/A/Resources/libJPEG.dylib
0x000000000c528000 	/System/Library/Frameworks/ImageIO.framework/Versions/A/Resources/libTIFF.dylib
0x000000000c528000 	/System/Library/Frameworks/ImageIO.framework/Versions/A/Resources/libPng.dylib
0x000000000c528000 	/System/Library/Frameworks/ImageIO.framework/Versions/A/Resources/libGIF.dylib
0x000000000c528000 	/System/Library/Frameworks/ImageIO.framework/Versions/A/Resources/libJP2.dylib
0x000000000c528000 	/System/Library/Frameworks/ImageIO.framework/Versions/A/Resources/libRadiance.dylib
0x000000000c528000 	/System/Library/Frameworks/CoreVideo.framework/Versions/A/CoreVideo
0x000000000c528000 	/System/Library/Frameworks/OpenGL.framework/Versions/A/Libraries/libGLU.dylib
0x000000000c528000 	/System/Library/Frameworks/OpenGL.framework/Versions/A/Libraries/libGFXShared.dylib
0x000000000c528000 	/System/Library/Frameworks/OpenGL.framework/Versions/A/Libraries/libGL.dylib
0x000000000c528000 	/System/Library/Frameworks/OpenGL.framework/Versions/A/Libraries/libGLImage.dylib
0x000000000c528000 	/System/Library/Frameworks/OpenGL.framework/Versions/A/Libraries/libCVMSPluginSupport.dylib
0x000000000c528000 	/System/Library/Frameworks/OpenGL.framework/Versions/A/Libraries/libCoreVMClient.dylib
0x000000000c528000 	/usr/lib/libcups.2.dylib
0x000000000c528000 	/System/Library/Frameworks/Kerberos.framework/Versions/A/Kerberos
0x000000000c528000 	/System/Library/Frameworks/GSS.framework/Versions/A/GSS
0x000000000c528000 	/usr/lib/libresolv.9.dylib
0x000000000c528000 	/usr/lib/libiconv.2.dylib
0x000000000c528000 	/System/Library/PrivateFrameworks/Heimdal.framework/Versions/A/Heimdal
0x000000000c528000 	/usr/lib/libheimdal-asn1.dylib
0x000000000c528000 	/System/Library/Frameworks/OpenDirectory.framework/Versions/A/OpenDirectory
0x000000000c528000 	/System/Library/PrivateFrameworks/CommonAuth.framework/Versions/A/CommonAuth
0x000000000c528000 	/System/Library/Frameworks/OpenDirectory.framework/Versions/A/Frameworks/CFOpenDirectory.framework/Versions/A/CFOpenDirectory
0x000000000c528000 	/System/Library/Frameworks/SecurityFoundation.framework/Versions/A/SecurityFoundation
0x000000000c528000 	/System/Library/PrivateFrameworks/LanguageModeling.framework/Versions/A/LanguageModeling
0x000000000c528000 	/usr/lib/libcmph.dylib
0x000000000c528000 	/System/Library/Frameworks/ServiceManagement.framework/Versions/A/ServiceManagement
0x000000000c528000 	/usr/lib/libxslt.1.dylib
0x000000000c528000 	/System/Library/Frameworks/Carbon.framework/Versions/A/Frameworks/Ink.framework/Versions/A/Ink
0x000000000c528000 	/System/Library/Frameworks/QuartzCore.framework/Versions/A/Frameworks/CoreImage.framework/Versions/A/CoreImage
0x000000000c528000 	/System/Library/PrivateFrameworks/CrashReporterSupport.framework/Versions/A/CrashReporterSupport
0x000000000c528000 	/System/Library/Frameworks/OpenCL.framework/Versions/A/OpenCL
0x000000000c528000 	/System/Library/PrivateFrameworks/FaceCore.framework/Versions/A/FaceCore
0x000000000c528000 	/System/Library/PrivateFrameworks/Ubiquity.framework/Versions/A/Ubiquity
0x000000000c528000 	/System/Library/PrivateFrameworks/IconServices.framework/Versions/A/IconServices
0x000000000c528000 	/System/Library/PrivateFrameworks/ChunkingLibrary.framework/Versions/A/ChunkingLibrary
0x000000000c528000 	/System/Library/PrivateFrameworks/Apple80211.framework/Versions/A/Apple80211
0x000000000c528000 	/System/Library/Frameworks/CoreWLAN.framework/Versions/A/CoreWLAN
0x000000000c528000 	/System/Library/Frameworks/IOBluetooth.framework/Versions/A/IOBluetooth
0x000000000c528000 	/System/Library/PrivateFrameworks/CoreWiFi.framework/Versions/A/CoreWiFi
0x000000000c528000 	/System/Library/Frameworks/CoreBluetooth.framework/Versions/A/CoreBluetooth
0x000000000c528000 	/System/Library/PrivateFrameworks/DebugSymbols.framework/Versions/A/DebugSymbols
0x000000000c528000 	/System/Library/PrivateFrameworks/CoreSymbolication.framework/Versions/A/CoreSymbolication
0x000000000c528000 	/System/Library/PrivateFrameworks/Symbolication.framework/Versions/A/Symbolication
0x000000000c528000 	/System/Library/PrivateFrameworks/SpeechRecognitionCore.framework/Versions/A/SpeechRecognitionCore
0x000000010fc00000 	/Library/Java/JavaVirtualMachines/jdk1.7.0_21.jdk/Contents/Home/jre/lib/server/libjvm.dylib
0x000000000c528000 	/usr/lib/libstdc++.6.dylib
0x000000010eb41000 	/Library/Java/JavaVirtualMachines/jdk1.7.0_21.jdk/Contents/Home/jre/lib/libverify.dylib
0x000000010eb4e000 	/Library/Java/JavaVirtualMachines/jdk1.7.0_21.jdk/Contents/Home/jre/lib/libjava.dylib
0x000000010eb88000 	/Library/Java/JavaVirtualMachines/jdk1.7.0_21.jdk/Contents/Home/jre/lib/libzip.dylib
0x0000000113e73000 	/System/Library/Frameworks/JavaVM.framework/Frameworks/JavaRuntimeSupport.framework/JavaRuntimeSupport
0x0000000113e89000 	/System/Library/Frameworks/JavaVM.framework/Versions/A/Frameworks/JavaNativeFoundation.framework/Versions/A/JavaNativeFoundation
0x000000010ebf3000 	/System/Library/Frameworks/JavaVM.framework/Versions/A/JavaVM
0x000000000c528000 	/System/Library/Frameworks/Carbon.framework/Versions/A/Carbon
0x0000000113e9d000 	/System/Library/PrivateFrameworks/JavaLaunching.framework/Versions/A/JavaLaunching
0x000000000c528000 	/System/Library/Frameworks/Carbon.framework/Versions/A/Frameworks/CommonPanels.framework/Versions/A/CommonPanels
0x000000000c528000 	/System/Library/Frameworks/Carbon.framework/Versions/A/Frameworks/Help.framework/Versions/A/Help
0x000000000c528000 	/System/Library/Frameworks/Carbon.framework/Versions/A/Frameworks/ImageCapture.framework/Versions/A/ImageCapture
0x000000000c528000 	/System/Library/Frameworks/Carbon.framework/Versions/A/Frameworks/OpenScripting.framework/Versions/A/OpenScripting
0x000000000c528000 	/System/Library/Frameworks/Carbon.framework/Versions/A/Frameworks/Print.framework/Versions/A/Print
0x000000000c528000 	/System/Library/Frameworks/Carbon.framework/Versions/A/Frameworks/SecurityHI.framework/Versions/A/SecurityHI
0x0000000115d24000 	/Users/gercan/libj2v8_macosx_x86_64.dylib
0x00000001179ae000 	/Library/Java/JavaVirtualMachines/jdk1.7.0_21.jdk/Contents/Home/jre/lib/libnio.dylib
0x00000001179bd000 	/Library/Java/JavaVirtualMachines/jdk1.7.0_21.jdk/Contents/Home/jre/lib/./libnet.dylib

VM Arguments:
jvm_args: -Dfile.encoding=UTF-8 
java_command: org.jboss.tools.jst.j2v8.JavaScriptTool
Launcher Type: SUN_STANDARD

Environment Variables:
PATH=/usr/bin:/bin:/usr/sbin:/sbin
SHELL=/bin/bash

Signal Handlers:
SIGSEGV: [libjvm.dylib+0x4a4e2d], sa_mask[0]=0xfffefeff, sa_flags=0x00000042
SIGBUS: [libjvm.dylib+0x4a4e2d], sa_mask[0]=0xfffefeff, sa_flags=0x00000042
SIGFPE: [libjvm.dylib+0x3b4729], sa_mask[0]=0xfffefeff, sa_flags=0x00000042
SIGPIPE: [libjvm.dylib+0x3b4729], sa_mask[0]=0xfffefeff, sa_flags=0x00000042
SIGXFSZ: [libjvm.dylib+0x3b4729], sa_mask[0]=0xfffefeff, sa_flags=0x00000042
SIGILL: [libjvm.dylib+0x3b4729], sa_mask[0]=0xfffefeff, sa_flags=0x00000042
SIGUSR1: SIG_DFL, sa_mask[0]=0x00000000, sa_flags=0x00000000
SIGUSR2: [libjvm.dylib+0x3b42c2], sa_mask[0]=0x00000004, sa_flags=0x00000042
SIGHUP: [libjvm.dylib+0x3b2523], sa_mask[0]=0xfffefeff, sa_flags=0x00000042
SIGINT: [libjvm.dylib+0x3b2523], sa_mask[0]=0xfffefeff, sa_flags=0x00000042
SIGTERM: [libjvm.dylib+0x3b2523], sa_mask[0]=0xfffefeff, sa_flags=0x00000042
SIGQUIT: [libjvm.dylib+0x3b2523], sa_mask[0]=0xfffefeff, sa_flags=0x00000042


---------------  S Y S T E M  ---------------

OS:Bsduname:Darwin 14.3.0 Darwin Kernel Version 14.3.0: Mon Mar 23 11:59:05 PDT 2015; root:xnu-2782.20.48~5/RELEASE_X86_64 x86_64
rlimit: STACK 8192k, CORE 0k, NPROC 709, NOFILE 10240, AS infinity
load average:1.82 1.86 1.77

CPU:total 8 (4 cores per cpu, 2 threads per core) family 6 model 58 stepping 9, cmov, cx8, fxsr, mmx, sse, sse2, sse3, ssse3, sse4.1, sse4.2, popcnt, avx, ht, tsc, tscinvbit, tscinv

Memory: 4k page, physical 658472k(164618k free)

/proc/meminfo:


vm_info: Java HotSpot(TM) 64-Bit Server VM (23.21-b01) for bsd-amd64 JRE (1.7.0_21-b12), built on Apr  7 2013 14:55:50 by "java_re" with gcc 4.2.1 (Based on Apple Inc. build 5658) (LLVM build 2336.11.00)

time: Wed Apr 29 15:00:08 2015
elapsed time: 0 seconds

